<?xml version="1.0" encoding="UTF-8"?>
<coverage generated="1681922944878" clover="3.2.0">
  <project timestamp="1681922944878" name="All files">
    <metrics statements="8" coveredstatements="7" conditionals="6" coveredconditionals="5" methods="1" coveredmethods="1" elements="15" coveredelements="13" complexity="0" loc="8" ncloc="8" packages="1" files="1" classes="1"/>
    <file name="6-primitivos.util.js" path="/home/luisfergm/Escritorio/aDESPLEGARenGIT/Testing/2-testing-UR/test-ur/src/utils/6-primitivos.util.js">
      <metrics statements="8" coveredstatements="7" conditionals="6" coveredconditionals="5" methods="1" coveredmethods="1"/>
      <line num="3" count="1" type="stmt"/>
      <line num="4" count="5" type="cond" truecount="5" falsecount="1"/>
      <line num="6" count="1" type="stmt"/>
      <line num="8" count="0" type="stmt"/>
      <line num="10" count="1" type="stmt"/>
      <line num="12" count="1" type="stmt"/>
      <line num="14" count="1" type="stmt"/>
      <line num="16" count="1" type="stmt"/>
    </file>
  </project>
</coverage>
