{"/home/luisfergm/Escritorio/aDESPLEGARenGIT/Testing/2-testing-UR/test-ur/src/utils/6-primitivos.util.js": {"path":"/home/luisfergm/Escritorio/aDESPLEGARenGIT/Testing/2-testing-UR/test-ur/src/utils/6-primitivos.util.js","statementMap":{"0":{"start":{"line":3,"column":17},"end":{"line":18,"column":1}},"1":{"start":{"line":4,"column":2},"end":{"line":17,"column":3}},"2":{"start":{"line":6,"column":6},"end":{"line":6,"column":16}},"3":{"start":{"line":8,"column":6},"end":{"line":8,"column":23}},"4":{"start":{"line":10,"column":6},"end":{"line":10,"column":18}},"5":{"start":{"line":12,"column":6},"end":{"line":12,"column":19}},"6":{"start":{"line":14,"column":6},"end":{"line":14,"column":17}},"7":{"start":{"line":16,"column":6},"end":{"line":16,"column":18}}},"fnMap":{"0":{"name":"(anonymous_0)","decl":{"start":{"line":3,"column":17},"end":{"line":3,"column":18}},"loc":{"start":{"line":3,"column":26},"end":{"line":18,"column":1}},"line":3}},"branchMap":{"0":{"loc":{"start":{"line":4,"column":2},"end":{"line":17,"column":3}},"type":"switch","locations":[{"start":{"line":5,"column":4},"end":{"line":6,"column":16}},{"start":{"line":7,"column":4},"end":{"line":8,"column":23}},{"start":{"line":9,"column":4},"end":{"line":10,"column":18}},{"start":{"line":11,"column":4},"end":{"line":12,"column":19}},{"start":{"line":13,"column":4},"end":{"line":14,"column":17}},{"start":{"line":15,"column":4},"end":{"line":16,"column":18}}],"line":4}},"s":{"0":1,"1":5,"2":1,"3":0,"4":1,"5":1,"6":1,"7":1},"f":{"0":5},"b":{"0":[1,0,1,1,1,1]},"_coverageSchema":"1a1c01bbd47fc00a2c39e90264f33305004495a9","hash":"7d2f1aa9a4dfb575ecaac5c1433174725115f2b2"}
}
